Flow report for MP32
Fri Oct 05 18:07:18 2012
Quartus II Version 9.1 Build 350 03/24/2010 Service Pack 2 SJ Web Edition


---------------------
; Table of Contents ;
---------------------
  1. Legal Notice
  2. Flow Summary
  3. Flow Settings
  4. Flow Non-Default Global Settings
  5. Flow Elapsed Time
  6. Flow OS Summary
  7. Flow Log



----------------
; Legal Notice ;
----------------
Copyright (C) 1991-2010 Altera Corporation
Your use of Altera Corporation's design tools, logic functions 
and other software and tools, and its AMPP partner logic 
functions, and any output files from any of the foregoing 
(including device programming or simulation files), and any 
associated documentation or information are expressly subject 
to the terms and conditions of the Altera Program License 
Subscription Agreement, Altera MegaCore Function License 
Agreement, or other applicable license agreement, including, 
without limitation, that your use is for the sole purpose of 
programming logic devices manufactured by Altera and sold by 
Altera or its authorized distributors.  Please refer to the 
applicable agreement for further details.



+-----------------------------------------------------------------------------------+
; Flow Summary                                                                      ;
+------------------------------------+----------------------------------------------+
; Flow Status                        ; Successful - Fri Oct 05 18:07:07 2012        ;
; Quartus II Version                 ; 9.1 Build 350 03/24/2010 SP 2 SJ Web Edition ;
; Revision Name                      ; MP32                                         ;
; Top-level Entity Name              ; MP32                                         ;
; Family                             ; Cyclone III                                  ;
; Device                             ; EP3C40F780I7                                 ;
; Timing Models                      ; Final                                        ;
; Met timing requirements            ; N/A                                          ;
; Total logic elements               ; 2,456 / 39,600 ( 6 % )                       ;
;     Total combinational functions  ; 2,231 / 39,600 ( 6 % )                       ;
;     Dedicated logic registers      ; 1,073 / 39,600 ( 3 % )                       ;
; Total registers                    ; 1073                                         ;
; Total pins                         ; 98 / 536 ( 18 % )                            ;
; Total virtual pins                 ; 0                                            ;
; Total memory bits                  ; 65,536 / 1,161,216 ( 6 % )                   ;
; Embedded Multiplier 9-bit elements ; 0 / 252 ( 0 % )                              ;
; Total PLLs                         ; 0 / 4 ( 0 % )                                ;
+------------------------------------+----------------------------------------------+


+-----------------------------------------+
; Flow Settings                           ;
+-------------------+---------------------+
; Option            ; Setting             ;
+-------------------+---------------------+
; Start date & time ; 10/05/2012 18:06:03 ;
; Main task         ; Compilation         ;
; Revision Name     ; MP32                ;
+-------------------+---------------------+


+------------------------------------------------------------------------------------------------------------------------+
; Flow Non-Default Global Settings                                                                                       ;
+---------------------------------------+---------------------------------+---------------+-------------+----------------+
; Assignment Name                       ; Value                           ; Default Value ; Entity Name ; Section Id     ;
+---------------------------------------+---------------------------------+---------------+-------------+----------------+
; COMPILER_SIGNATURE_ID                 ; 246914770904208.134947116304988 ; --            ; --          ; --             ;
; CRC_ERROR_OPEN_DRAIN                  ; Off                             ; On            ; --          ; --             ;
; MAX_CORE_JUNCTION_TEMP                ; 100                             ; --            ; --          ; --             ;
; MIN_CORE_JUNCTION_TEMP                ; -40                             ; --            ; --          ; --             ;
; NOMINAL_CORE_SUPPLY_VOLTAGE           ; 1.2V                            ; --            ; --          ; --             ;
; PARTITION_COLOR                       ; 16764057                        ; --            ; --          ; Top            ;
; PARTITION_NETLIST_TYPE                ; SOURCE                          ; --            ; --          ; Top            ;
; SYNCHRONIZATION_REGISTER_CHAIN_LENGTH ; 2                               ; 3             ; --          ; --             ;
; USE_GENERATED_PHYSICAL_CONSTRAINTS    ; Off                             ; --            ; --          ; eda_blast_fpga ;
+---------------------------------------+---------------------------------+---------------+-------------+----------------+


+-------------------------------------------------------------------------------------------------------------------------------+
; Flow Elapsed Time                                                                                                             ;
+---------------------------+--------------+-------------------------+---------------------+------------------------------------+
; Module Name               ; Elapsed Time ; Average Processors Used ; Peak Virtual Memory ; Total CPU Time (on all processors) ;
+---------------------------+--------------+-------------------------+---------------------+------------------------------------+
; Analysis & Synthesis      ; 00:00:14     ; 1.0                     ; 238 MB              ; 00:00:13                           ;
; Fitter                    ; 00:00:37     ; 1.0                     ; 283 MB              ; 00:00:37                           ;
; TimeQuest Timing Analyzer ; 00:00:16     ; 1.0                     ; 242 MB              ; 00:00:14                           ;
; Assembler                 ; 00:00:06     ; 1.0                     ; 258 MB              ; 00:00:05                           ;
; Total                     ; 00:01:07     ; --                      ; --                  ; 00:01:04                           ;
+---------------------------+--------------+-------------------------+---------------------+------------------------------------+


+--------------------------------------------------------------------------------------------+
; Flow OS Summary                                                                            ;
+---------------------------+------------------+---------------+------------+----------------+
; Module Name               ; Machine Hostname ; OS Name       ; OS Version ; Processor type ;
+---------------------------+------------------+---------------+------------+----------------+
; Analysis & Synthesis      ; Ramon-PC         ; Windows Vista ; 6.1        ; i686           ;
; Fitter                    ; Ramon-PC         ; Windows Vista ; 6.1        ; i686           ;
; Assembler                 ; Ramon-PC         ; Windows Vista ; 6.1        ; i686           ;
; TimeQuest Timing Analyzer ; Ramon-PC         ; Windows Vista ; 6.1        ; i686           ;
+---------------------------+------------------+---------------+------------+----------------+


------------
; Flow Log ;
------------
quartus_map --read_settings_files=on --write_settings_files=off MP32 -c MP32
quartus_fit --read_settings_files=off --write_settings_files=off MP32 -c MP32
quartus_asm --read_settings_files=off --write_settings_files=off MP32 -c MP32
quartus_sta MP32 -c MP32



