Analysis & Synthesis report for VhdlMP32
Wed Oct 17 10:39:18 2012
Quartus II Version 9.1 Build 350 03/24/2010 Service Pack 2 SJ Web Edition


---------------------
; Table of Contents ;
---------------------
  1. Legal Notice
  2. Analysis & Synthesis Summary
  3. Analysis & Synthesis Settings
  4. Parallel Compilation
  5. Analysis & Synthesis Source Files Read
  6. Analysis & Synthesis Resource Usage Summary
  7. Analysis & Synthesis Resource Utilization by Entity
  8. Analysis & Synthesis RAM Summary
  9. State Machine - |MP32|state
 10. Registers Removed During Synthesis
 11. General Register Statistics
 12. Multiplexer Restructuring Statistics (Restructuring Performed)
 13. Source assignments for altsyncram:memory_instruction|altsyncram_a0k3:auto_generated
 14. Source assignments for altsyncram:memory_datas|altsyncram_ofk3:auto_generated
 15. Parameter Settings for User Entity Instance: Top-level Entity: |MP32
 16. Parameter Settings for User Entity Instance: altsyncram:memory_instruction
 17. Parameter Settings for User Entity Instance: altsyncram:memory_datas
 18. altsyncram Parameter Settings by Entity Instance
 19. Analysis & Synthesis Messages



----------------
; Legal Notice ;
----------------
Copyright (C) 1991-2010 Altera Corporation
Your use of Altera Corporation's design tools, logic functions 
and other software and tools, and its AMPP partner logic 
functions, and any output files from any of the foregoing 
(including device programming or simulation files), and any 
associated documentation or information are expressly subject 
to the terms and conditions of the Altera Program License 
Subscription Agreement, Altera MegaCore Function License 
Agreement, or other applicable license agreement, including, 
without limitation, that your use is for the sole purpose of 
programming logic devices manufactured by Altera and sold by 
Altera or its authorized distributors.  Please refer to the 
applicable agreement for further details.



+-----------------------------------------------------------------------------------+
; Analysis & Synthesis Summary                                                      ;
+------------------------------------+----------------------------------------------+
; Analysis & Synthesis Status        ; Successful - Wed Oct 17 10:39:18 2012        ;
; Quartus II Version                 ; 9.1 Build 350 03/24/2010 SP 2 SJ Web Edition ;
; Revision Name                      ; VhdlMP32                                     ;
; Top-level Entity Name              ; MP32                                         ;
; Family                             ; Cyclone III                                  ;
; Total logic elements               ; 3,256                                        ;
;     Total combinational functions  ; 2,230                                        ;
;     Dedicated logic registers      ; 1,073                                        ;
; Total registers                    ; 1073                                         ;
; Total pins                         ; 98                                           ;
; Total virtual pins                 ; 0                                            ;
; Total memory bits                  ; 65,536                                       ;
; Embedded Multiplier 9-bit elements ; 0                                            ;
; Total PLLs                         ; 0                                            ;
+------------------------------------+----------------------------------------------+


+----------------------------------------------------------------------------------------------------------------------+
; Analysis & Synthesis Settings                                                                                        ;
+----------------------------------------------------------------------------+--------------------+--------------------+
; Option                                                                     ; Setting            ; Default Value      ;
+----------------------------------------------------------------------------+--------------------+--------------------+
; Device                                                                     ; EP3C5E144C8        ;                    ;
; Top-level entity name                                                      ; MP32               ; VhdlMP32           ;
; Family name                                                                ; Cyclone III        ; Stratix II         ;
; Use Generated Physical Constraints File                                    ; Off                ;                    ;
; Use smart compilation                                                      ; Off                ; Off                ;
; Enable parallel Assembler and TimeQuest Timing Analyzer during compilation ; On                 ; On                 ;
; Enable compact report table                                                ; Off                ; Off                ;
; Restructure Multiplexers                                                   ; Auto               ; Auto               ;
; Create Debugging Nodes for IP Cores                                        ; Off                ; Off                ;
; Preserve fewer node names                                                  ; On                 ; On                 ;
; Disable OpenCore Plus hardware evaluation                                  ; Off                ; Off                ;
; Verilog Version                                                            ; Verilog_2001       ; Verilog_2001       ;
; VHDL Version                                                               ; VHDL_1993          ; VHDL_1993          ;
; State Machine Processing                                                   ; Auto               ; Auto               ;
; Safe State Machine                                                         ; Off                ; Off                ;
; Extract Verilog State Machines                                             ; On                 ; On                 ;
; Extract VHDL State Machines                                                ; On                 ; On                 ;
; Ignore Verilog initial constructs                                          ; Off                ; Off                ;
; Iteration limit for constant Verilog loops                                 ; 5000               ; 5000               ;
; Iteration limit for non-constant Verilog loops                             ; 250                ; 250                ;
; Add Pass-Through Logic to Inferred RAMs                                    ; On                 ; On                 ;
; Parallel Synthesis                                                         ; On                 ; On                 ;
; DSP Block Balancing                                                        ; Auto               ; Auto               ;
; NOT Gate Push-Back                                                         ; On                 ; On                 ;
; Power-Up Don't Care                                                        ; On                 ; On                 ;
; Remove Redundant Logic Cells                                               ; Off                ; Off                ;
; Remove Duplicate Registers                                                 ; On                 ; On                 ;
; Ignore CARRY Buffers                                                       ; Off                ; Off                ;
; Ignore CASCADE Buffers                                                     ; Off                ; Off                ;
; Ignore GLOBAL Buffers                                                      ; Off                ; Off                ;
; Ignore ROW GLOBAL Buffers                                                  ; Off                ; Off                ;
; Ignore LCELL Buffers                                                       ; Off                ; Off                ;
; Ignore SOFT Buffers                                                        ; On                 ; On                 ;
; Limit AHDL Integers to 32 Bits                                             ; Off                ; Off                ;
; Optimization Technique                                                     ; Balanced           ; Balanced           ;
; Carry Chain Length                                                         ; 70                 ; 70                 ;
; Auto Carry Chains                                                          ; On                 ; On                 ;
; Auto Open-Drain Pins                                                       ; On                 ; On                 ;
; Perform WYSIWYG Primitive Resynthesis                                      ; Off                ; Off                ;
; Auto ROM Replacement                                                       ; On                 ; On                 ;
; Auto RAM Replacement                                                       ; On                 ; On                 ;
; Auto DSP Block Replacement                                                 ; On                 ; On                 ;
; Auto Shift Register Replacement                                            ; Auto               ; Auto               ;
; Auto Clock Enable Replacement                                              ; On                 ; On                 ;
; Strict RAM Replacement                                                     ; Off                ; Off                ;
; Allow Synchronous Control Signals                                          ; On                 ; On                 ;
; Force Use of Synchronous Clear Signals                                     ; Off                ; Off                ;
; Auto RAM Block Balancing                                                   ; On                 ; On                 ;
; Auto RAM to Logic Cell Conversion                                          ; Off                ; Off                ;
; Auto Resource Sharing                                                      ; Off                ; Off                ;
; Allow Any RAM Size For Recognition                                         ; Off                ; Off                ;
; Allow Any ROM Size For Recognition                                         ; Off                ; Off                ;
; Allow Any Shift Register Size For Recognition                              ; Off                ; Off                ;
; Use LogicLock Constraints during Resource Balancing                        ; On                 ; On                 ;
; Ignore translate_off and synthesis_off directives                          ; Off                ; Off                ;
; Timing-Driven Synthesis                                                    ; On                 ; On                 ;
; Show Parameter Settings Tables in Synthesis Report                         ; On                 ; On                 ;
; Ignore Maximum Fan-Out Assignments                                         ; Off                ; Off                ;
; Synchronization Register Chain Length                                      ; 2                  ; 2                  ;
; PowerPlay Power Optimization                                               ; Normal compilation ; Normal compilation ;
; HDL message level                                                          ; Level2             ; Level2             ;
; Suppress Register Optimization Related Messages                            ; Off                ; Off                ;
; Number of Removed Registers Reported in Synthesis Report                   ; 5000               ; 5000               ;
; Number of Inverted Registers Reported in Synthesis Report                  ; 100                ; 100                ;
; Clock MUX Protection                                                       ; On                 ; On                 ;
; Auto Gated Clock Conversion                                                ; Off                ; Off                ;
; Block Design Naming                                                        ; Auto               ; Auto               ;
; SDC constraint protection                                                  ; Off                ; Off                ;
; Synthesis Effort                                                           ; Auto               ; Auto               ;
; Shift Register Replacement - Allow Asynchronous Clear Signal               ; On                 ; On                 ;
; Analysis & Synthesis Message Level                                         ; Medium             ; Medium             ;
; Disable Register Merging Across Hierarchies                                ; Auto               ; Auto               ;
; Resource Aware Inference For Block RAM                                     ; On                 ; On                 ;
+----------------------------------------------------------------------------+--------------------+--------------------+


Parallel compilation was disabled, but you have multiple processors available. Enable parallel compilation to reduce compilation time.
+-------------------------------------+
; Parallel Compilation                ;
+----------------------------+--------+
; Processors                 ; Number ;
+----------------------------+--------+
; Number detected on machine ; 2      ;
; Maximum allowed            ; 1      ;
+----------------------------+--------+


+-------------------------------------------------------------------------------------------------------------------------------------------------------------------------------------------------------------------+
; Analysis & Synthesis Source Files Read                                                                                                                                                                            ;
+----------------------------------+-----------------+----------------------------------------+---------------------------------------------------------------------------------------------------------------------+
; File Name with User-Entered Path ; Used in Netlist ; File Type                              ; File Name with Absolute Path                                                                                        ;
+----------------------------------+-----------------+----------------------------------------+---------------------------------------------------------------------------------------------------------------------+
; VhdlMP32.vhd                     ; yes             ; User VHDL File                         ; C:/Users/win7/Documents/CDC-UFPI/Cir. Digitais/trabalho da 3° prova/CIRCUITOS/CIRCUITOS/MP32/VhdlMP32.vhd           ;
; altsyncram.tdf                   ; yes             ; Megafunction                           ; c:/altera/91sp2/quartus/libraries/megafunctions/altsyncram.tdf                                                      ;
; db/altsyncram_a0k3.tdf           ; yes             ; Auto-Generated Megafunction            ; C:/Users/win7/Documents/CDC-UFPI/Cir. Digitais/trabalho da 3° prova/CIRCUITOS/CIRCUITOS/MP32/db/altsyncram_a0k3.tdf ;
; instruction.mif                  ; yes             ; Auto-Found Memory Initialization File  ; C:/Users/win7/Documents/CDC-UFPI/Cir. Digitais/trabalho da 3° prova/CIRCUITOS/CIRCUITOS/MP32/instruction.mif        ;
; db/altsyncram_ofk3.tdf           ; yes             ; Auto-Generated Megafunction            ; C:/Users/win7/Documents/CDC-UFPI/Cir. Digitais/trabalho da 3° prova/CIRCUITOS/CIRCUITOS/MP32/db/altsyncram_ofk3.tdf ;
; data.mif                         ; yes             ; Auto-Found Memory Initialization File  ; C:/Users/win7/Documents/CDC-UFPI/Cir. Digitais/trabalho da 3° prova/CIRCUITOS/CIRCUITOS/MP32/data.mif               ;
+----------------------------------+-----------------+----------------------------------------+---------------------------------------------------------------------------------------------------------------------+


+-----------------------------------------------------------+
; Analysis & Synthesis Resource Usage Summary               ;
+---------------------------------------------+-------------+
; Resource                                    ; Usage       ;
+---------------------------------------------+-------------+
; Estimated Total logic elements              ; 3,256       ;
;                                             ;             ;
; Total combinational functions               ; 2230        ;
; Logic element usage by number of LUT inputs ;             ;
;     -- 4 input functions                    ; 1986        ;
;     -- 3 input functions                    ; 176         ;
;     -- <=2 input functions                  ; 68          ;
;                                             ;             ;
; Logic elements by mode                      ;             ;
;     -- normal mode                          ; 2172        ;
;     -- arithmetic mode                      ; 58          ;
;                                             ;             ;
; Total registers                             ; 1073        ;
;     -- Dedicated logic registers            ; 1073        ;
;     -- I/O registers                        ; 0           ;
;                                             ;             ;
; I/O pins                                    ; 98          ;
; Total memory bits                           ; 65536       ;
; Maximum fan-out node                        ; clock~input ;
; Maximum fan-out                             ; 1137        ;
; Total fan-out                               ; 12798       ;
; Average fan-out                             ; 3.59        ;
+---------------------------------------------+-------------+


+----------------------------------------------------------------------------------------------------------------------------------------------------------------------------------------------------------------------------------------+
; Analysis & Synthesis Resource Utilization by Entity                                                                                                                                                                                    ;
+----------------------------------------+-------------------+--------------+-------------+--------------+---------+-----------+------+--------------+--------------------------------------------------------------------+--------------+
; Compilation Hierarchy Node             ; LC Combinationals ; LC Registers ; Memory Bits ; DSP Elements ; DSP 9x9 ; DSP 18x18 ; Pins ; Virtual Pins ; Full Hierarchy Name                                                ; Library Name ;
+----------------------------------------+-------------------+--------------+-------------+--------------+---------+-----------+------+--------------+--------------------------------------------------------------------+--------------+
; |MP32                                  ; 2230 (2230)       ; 1073 (1073)  ; 65536       ; 0            ; 0       ; 0         ; 98   ; 0            ; |MP32                                                              ; work         ;
;    |altsyncram:memory_datas|           ; 0 (0)             ; 0 (0)        ; 32768       ; 0            ; 0       ; 0         ; 0    ; 0            ; |MP32|altsyncram:memory_datas                                      ; work         ;
;       |altsyncram_ofk3:auto_generated| ; 0 (0)             ; 0 (0)        ; 32768       ; 0            ; 0       ; 0         ; 0    ; 0            ; |MP32|altsyncram:memory_datas|altsyncram_ofk3:auto_generated       ;              ;
;    |altsyncram:memory_instruction|     ; 0 (0)             ; 0 (0)        ; 32768       ; 0            ; 0       ; 0         ; 0    ; 0            ; |MP32|altsyncram:memory_instruction                                ;              ;
;       |altsyncram_a0k3:auto_generated| ; 0 (0)             ; 0 (0)        ; 32768       ; 0            ; 0       ; 0         ; 0    ; 0            ; |MP32|altsyncram:memory_instruction|altsyncram_a0k3:auto_generated ; work         ;
+----------------------------------------+-------------------+--------------+-------------+--------------+---------+-----------+------+--------------+--------------------------------------------------------------------+--------------+
Note: For table entries with two numbers listed, the numbers in parentheses indicate the number of resources of the given type used by the specific entity alone. The numbers listed outside of parentheses indicate the total resources of the given type used by the specific entity and all of its sub-entities in the hierarchy.


+------------------------------------------------------------------------------------------------------------------------------------------------------------------------------------+
; Analysis & Synthesis RAM Summary                                                                                                                                                   ;
+-------------------------------------------------------------------------+------+-------------+--------------+--------------+--------------+--------------+-------+-----------------+
; Name                                                                    ; Type ; Mode        ; Port A Depth ; Port A Width ; Port B Depth ; Port B Width ; Size  ; MIF             ;
+-------------------------------------------------------------------------+------+-------------+--------------+--------------+--------------+--------------+-------+-----------------+
; altsyncram:memory_datas|altsyncram_ofk3:auto_generated|ALTSYNCRAM       ; AUTO ; Single Port ; 1024         ; 32           ; --           ; --           ; 32768 ; data.mif        ;
; altsyncram:memory_instruction|altsyncram_a0k3:auto_generated|ALTSYNCRAM ; AUTO ; Single Port ; 1024         ; 32           ; --           ; --           ; 32768 ; instruction.mif ;
+-------------------------------------------------------------------------+------+-------------+--------------+--------------+--------------+--------------+-------+-----------------+


Encoding Type:  One-Hot
+---------------------------------------------------------------------------------------------------------------------------------------------------+
; State Machine - |MP32|state                                                                                                                       ;
+--------------------+-------------------+-------------------+--------------------+-------------------+--------------+-------------+----------------+
; Name               ; state.execute_lui ; state.execute_swr ; state.execute_jump ; state.execute_add ; state.decode ; state.fetch ; state.reset_pc ;
+--------------------+-------------------+-------------------+--------------------+-------------------+--------------+-------------+----------------+
; state.reset_pc     ; 0                 ; 0                 ; 0                  ; 0                 ; 0            ; 0           ; 0              ;
; state.fetch        ; 0                 ; 0                 ; 0                  ; 0                 ; 0            ; 1           ; 1              ;
; state.decode       ; 0                 ; 0                 ; 0                  ; 0                 ; 1            ; 0           ; 1              ;
; state.execute_add  ; 0                 ; 0                 ; 0                  ; 1                 ; 0            ; 0           ; 1              ;
; state.execute_jump ; 0                 ; 0                 ; 1                  ; 0                 ; 0            ; 0           ; 1              ;
; state.execute_swr  ; 0                 ; 1                 ; 0                  ; 0                 ; 0            ; 0           ; 1              ;
; state.execute_lui  ; 1                 ; 0                 ; 0                  ; 0                 ; 0            ; 0           ; 1              ;
+--------------------+-------------------+-------------------+--------------------+-------------------+--------------+-------------+----------------+


+-------------------------------------------------------------+
; Registers Removed During Synthesis                          ;
+----------------------------------------+--------------------+
; Register name                          ; Reason for Removal ;
+----------------------------------------+--------------------+
; program_counter[10..25]                ; Lost fanout        ;
; Total Number of Removed Registers = 16 ;                    ;
+----------------------------------------+--------------------+


+------------------------------------------------------+
; General Register Statistics                          ;
+----------------------------------------------+-------+
; Statistic                                    ; Value ;
+----------------------------------------------+-------+
; Total registers                              ; 1073  ;
; Number of registers using Synchronous Clear  ; 10    ;
; Number of registers using Synchronous Load   ; 0     ;
; Number of registers using Asynchronous Clear ; 7     ;
; Number of registers using Asynchronous Load  ; 0     ;
; Number of registers using Clock Enable       ; 1066  ;
; Number of registers using Preset             ; 0     ;
+----------------------------------------------+-------+


+---------------------------------------------------------------------------------------------------------------------------------------------+
; Multiplexer Restructuring Statistics (Restructuring Performed)                                                                              ;
+--------------------+-----------+---------------+----------------------+------------------------+------------+-------------------------------+
; Multiplexer Inputs ; Bus Width ; Baseline Area ; Area if Restructured ; Saving if Restructured ; Registered ; Example Multiplexer Output    ;
+--------------------+-----------+---------------+----------------------+------------------------+------------+-------------------------------+
; 4:1                ; 32 bits   ; 64 LEs        ; 32 LEs               ; 32 LEs                 ; Yes        ; |MP32|program_counter[2]      ;
; 5:1                ; 11 bits   ; 33 LEs        ; 11 LEs               ; 22 LEs                 ; Yes        ; |MP32|geral_registers[31][21] ;
; 5:1                ; 21 bits   ; 63 LEs        ; 21 LEs               ; 42 LEs                 ; Yes        ; |MP32|geral_registers[31][19] ;
; 5:1                ; 11 bits   ; 33 LEs        ; 11 LEs               ; 22 LEs                 ; Yes        ; |MP32|geral_registers[30][28] ;
; 5:1                ; 21 bits   ; 63 LEs        ; 21 LEs               ; 42 LEs                 ; Yes        ; |MP32|geral_registers[30][12] ;
; 5:1                ; 11 bits   ; 33 LEs        ; 11 LEs               ; 22 LEs                 ; Yes        ; |MP32|geral_registers[29][22] ;
; 5:1                ; 21 bits   ; 63 LEs        ; 21 LEs               ; 42 LEs                 ; Yes        ; |MP32|geral_registers[29][18] ;
; 5:1                ; 11 bits   ; 33 LEs        ; 11 LEs               ; 22 LEs                 ; Yes        ; |MP32|geral_registers[28][22] ;
; 5:1                ; 21 bits   ; 63 LEs        ; 21 LEs               ; 42 LEs                 ; Yes        ; |MP32|geral_registers[28][9]  ;
; 5:1                ; 11 bits   ; 33 LEs        ; 11 LEs               ; 22 LEs                 ; Yes        ; |MP32|geral_registers[27][27] ;
; 5:1                ; 21 bits   ; 63 LEs        ; 21 LEs               ; 42 LEs                 ; Yes        ; |MP32|geral_registers[27][7]  ;
; 5:1                ; 11 bits   ; 33 LEs        ; 11 LEs               ; 22 LEs                 ; Yes        ; |MP32|geral_registers[26][29] ;
; 5:1                ; 21 bits   ; 63 LEs        ; 21 LEs               ; 42 LEs                 ; Yes        ; |MP32|geral_registers[26][10] ;
; 5:1                ; 11 bits   ; 33 LEs        ; 11 LEs               ; 22 LEs                 ; Yes        ; |MP32|geral_registers[25][25] ;
; 5:1                ; 21 bits   ; 63 LEs        ; 21 LEs               ; 42 LEs                 ; Yes        ; |MP32|geral_registers[25][4]  ;
; 5:1                ; 11 bits   ; 33 LEs        ; 11 LEs               ; 22 LEs                 ; Yes        ; |MP32|geral_registers[24][29] ;
; 5:1                ; 21 bits   ; 63 LEs        ; 21 LEs               ; 42 LEs                 ; Yes        ; |MP32|geral_registers[24][15] ;
; 5:1                ; 11 bits   ; 33 LEs        ; 11 LEs               ; 22 LEs                 ; Yes        ; |MP32|geral_registers[23][24] ;
; 5:1                ; 21 bits   ; 63 LEs        ; 21 LEs               ; 42 LEs                 ; Yes        ; |MP32|geral_registers[23][18] ;
; 5:1                ; 11 bits   ; 33 LEs        ; 11 LEs               ; 22 LEs                 ; Yes        ; |MP32|geral_registers[22][22] ;
; 5:1                ; 21 bits   ; 63 LEs        ; 21 LEs               ; 42 LEs                 ; Yes        ; |MP32|geral_registers[22][2]  ;
; 5:1                ; 11 bits   ; 33 LEs        ; 11 LEs               ; 22 LEs                 ; Yes        ; |MP32|geral_registers[21][24] ;
; 5:1                ; 21 bits   ; 63 LEs        ; 21 LEs               ; 42 LEs                 ; Yes        ; |MP32|geral_registers[21][9]  ;
; 5:1                ; 11 bits   ; 33 LEs        ; 11 LEs               ; 22 LEs                 ; Yes        ; |MP32|geral_registers[20][22] ;
; 5:1                ; 21 bits   ; 63 LEs        ; 21 LEs               ; 42 LEs                 ; Yes        ; |MP32|geral_registers[20][10] ;
; 5:1                ; 11 bits   ; 33 LEs        ; 11 LEs               ; 22 LEs                 ; Yes        ; |MP32|geral_registers[19][27] ;
; 5:1                ; 21 bits   ; 63 LEs        ; 21 LEs               ; 42 LEs                 ; Yes        ; |MP32|geral_registers[19][14] ;
; 5:1                ; 11 bits   ; 33 LEs        ; 11 LEs               ; 22 LEs                 ; Yes        ; |MP32|geral_registers[18][29] ;
; 5:1                ; 21 bits   ; 63 LEs        ; 21 LEs               ; 42 LEs                 ; Yes        ; |MP32|geral_registers[18][20] ;
; 5:1                ; 11 bits   ; 33 LEs        ; 11 LEs               ; 22 LEs                 ; Yes        ; |MP32|geral_registers[17][25] ;
; 5:1                ; 21 bits   ; 63 LEs        ; 21 LEs               ; 42 LEs                 ; Yes        ; |MP32|geral_registers[17][18] ;
; 5:1                ; 11 bits   ; 33 LEs        ; 11 LEs               ; 22 LEs                 ; Yes        ; |MP32|geral_registers[16][29] ;
; 5:1                ; 21 bits   ; 63 LEs        ; 21 LEs               ; 42 LEs                 ; Yes        ; |MP32|geral_registers[16][10] ;
; 5:1                ; 11 bits   ; 33 LEs        ; 11 LEs               ; 22 LEs                 ; Yes        ; |MP32|geral_registers[15][28] ;
; 5:1                ; 21 bits   ; 63 LEs        ; 21 LEs               ; 42 LEs                 ; Yes        ; |MP32|geral_registers[15][1]  ;
; 5:1                ; 11 bits   ; 33 LEs        ; 11 LEs               ; 22 LEs                 ; Yes        ; |MP32|geral_registers[14][21] ;
; 5:1                ; 21 bits   ; 63 LEs        ; 21 LEs               ; 42 LEs                 ; Yes        ; |MP32|geral_registers[14][15] ;
; 5:1                ; 11 bits   ; 33 LEs        ; 11 LEs               ; 22 LEs                 ; Yes        ; |MP32|geral_registers[13][22] ;
; 5:1                ; 21 bits   ; 63 LEs        ; 21 LEs               ; 42 LEs                 ; Yes        ; |MP32|geral_registers[13][5]  ;
; 5:1                ; 11 bits   ; 33 LEs        ; 11 LEs               ; 22 LEs                 ; Yes        ; |MP32|geral_registers[12][31] ;
; 5:1                ; 21 bits   ; 63 LEs        ; 21 LEs               ; 42 LEs                 ; Yes        ; |MP32|geral_registers[12][19] ;
; 5:1                ; 11 bits   ; 33 LEs        ; 11 LEs               ; 22 LEs                 ; Yes        ; |MP32|geral_registers[11][24] ;
; 5:1                ; 21 bits   ; 63 LEs        ; 21 LEs               ; 42 LEs                 ; Yes        ; |MP32|geral_registers[11][14] ;
; 5:1                ; 11 bits   ; 33 LEs        ; 11 LEs               ; 22 LEs                 ; Yes        ; |MP32|geral_registers[10][26] ;
; 5:1                ; 21 bits   ; 63 LEs        ; 21 LEs               ; 42 LEs                 ; Yes        ; |MP32|geral_registers[10][9]  ;
; 5:1                ; 11 bits   ; 33 LEs        ; 11 LEs               ; 22 LEs                 ; Yes        ; |MP32|geral_registers[9][24]  ;
; 5:1                ; 21 bits   ; 63 LEs        ; 21 LEs               ; 42 LEs                 ; Yes        ; |MP32|geral_registers[9][9]   ;
; 5:1                ; 11 bits   ; 33 LEs        ; 11 LEs               ; 22 LEs                 ; Yes        ; |MP32|geral_registers[8][29]  ;
; 5:1                ; 21 bits   ; 63 LEs        ; 21 LEs               ; 42 LEs                 ; Yes        ; |MP32|geral_registers[8][7]   ;
; 5:1                ; 11 bits   ; 33 LEs        ; 11 LEs               ; 22 LEs                 ; Yes        ; |MP32|geral_registers[7][21]  ;
; 5:1                ; 21 bits   ; 63 LEs        ; 21 LEs               ; 42 LEs                 ; Yes        ; |MP32|geral_registers[7][7]   ;
; 5:1                ; 11 bits   ; 33 LEs        ; 11 LEs               ; 22 LEs                 ; Yes        ; |MP32|geral_registers[6][26]  ;
; 5:1                ; 21 bits   ; 63 LEs        ; 21 LEs               ; 42 LEs                 ; Yes        ; |MP32|geral_registers[6][20]  ;
; 5:1                ; 11 bits   ; 33 LEs        ; 11 LEs               ; 22 LEs                 ; Yes        ; |MP32|geral_registers[5][25]  ;
; 5:1                ; 21 bits   ; 63 LEs        ; 21 LEs               ; 42 LEs                 ; Yes        ; |MP32|geral_registers[5][10]  ;
; 5:1                ; 11 bits   ; 33 LEs        ; 11 LEs               ; 22 LEs                 ; Yes        ; |MP32|geral_registers[4][22]  ;
; 5:1                ; 21 bits   ; 63 LEs        ; 21 LEs               ; 42 LEs                 ; Yes        ; |MP32|geral_registers[4][11]  ;
; 5:1                ; 11 bits   ; 33 LEs        ; 11 LEs               ; 22 LEs                 ; Yes        ; |MP32|geral_registers[3][31]  ;
; 5:1                ; 21 bits   ; 63 LEs        ; 21 LEs               ; 42 LEs                 ; Yes        ; |MP32|geral_registers[3][18]  ;
; 5:1                ; 11 bits   ; 33 LEs        ; 11 LEs               ; 22 LEs                 ; Yes        ; |MP32|geral_registers[2][31]  ;
; 5:1                ; 21 bits   ; 63 LEs        ; 21 LEs               ; 42 LEs                 ; Yes        ; |MP32|geral_registers[2][20]  ;
; 5:1                ; 11 bits   ; 33 LEs        ; 11 LEs               ; 22 LEs                 ; Yes        ; |MP32|geral_registers[1][22]  ;
; 5:1                ; 21 bits   ; 63 LEs        ; 21 LEs               ; 42 LEs                 ; Yes        ; |MP32|geral_registers[1][8]   ;
; 5:1                ; 11 bits   ; 33 LEs        ; 11 LEs               ; 22 LEs                 ; Yes        ; |MP32|geral_registers[0][25]  ;
; 5:1                ; 21 bits   ; 63 LEs        ; 21 LEs               ; 42 LEs                 ; Yes        ; |MP32|geral_registers[0][7]   ;
; 32:1               ; 32 bits   ; 672 LEs       ; 672 LEs              ; 0 LEs                  ; No         ; |MP32|Mux72                   ;
; 32:1               ; 32 bits   ; 672 LEs       ; 672 LEs              ; 0 LEs                  ; No         ; |MP32|Mux52                   ;
; 32:1               ; 32 bits   ; 672 LEs       ; 672 LEs              ; 0 LEs                  ; No         ; |MP32|Mux31                   ;
+--------------------+-----------+---------------+----------------------+------------------------+------------+-------------------------------+


+-------------------------------------------------------------------------------------+
; Source assignments for altsyncram:memory_instruction|altsyncram_a0k3:auto_generated ;
+---------------------------------+--------------------+------+-----------------------+
; Assignment                      ; Value              ; From ; To                    ;
+---------------------------------+--------------------+------+-----------------------+
; OPTIMIZE_POWER_DURING_SYNTHESIS ; NORMAL_COMPILATION ; -    ; -                     ;
+---------------------------------+--------------------+------+-----------------------+


+-------------------------------------------------------------------------------+
; Source assignments for altsyncram:memory_datas|altsyncram_ofk3:auto_generated ;
+---------------------------------+--------------------+------+-----------------+
; Assignment                      ; Value              ; From ; To              ;
+---------------------------------+--------------------+------+-----------------+
; OPTIMIZE_POWER_DURING_SYNTHESIS ; NORMAL_COMPILATION ; -    ; -               ;
+---------------------------------+--------------------+------+-----------------+


+----------------------------------------------------------------------+
; Parameter Settings for User Entity Instance: Top-level Entity: |MP32 ;
+----------------+-----------------+-----------------------------------+
; Parameter Name ; Value           ; Type                              ;
+----------------+-----------------+-----------------------------------+
; data           ; data.mif        ; String                            ;
; instruc        ; instruction.mif ; String                            ;
+----------------+-----------------+-----------------------------------+
Note: In order to hide this table in the UI and the text report file, please set the "Show Parameter Settings Tables in Synthesis Report" option in "Analysis and Synthesis Settings -> More Settings" to "Off".


+----------------------------------------------------------------------------+
; Parameter Settings for User Entity Instance: altsyncram:memory_instruction ;
+------------------------------------+----------------------+----------------+
; Parameter Name                     ; Value                ; Type           ;
+------------------------------------+----------------------+----------------+
; BYTE_SIZE_BLOCK                    ; 8                    ; Untyped        ;
; AUTO_CARRY_CHAINS                  ; ON                   ; AUTO_CARRY     ;
; IGNORE_CARRY_BUFFERS               ; OFF                  ; IGNORE_CARRY   ;
; AUTO_CASCADE_CHAINS                ; ON                   ; AUTO_CASCADE   ;
; IGNORE_CASCADE_BUFFERS             ; OFF                  ; IGNORE_CASCADE ;
; WIDTH_BYTEENA                      ; 1                    ; Untyped        ;
; OPERATION_MODE                     ; SINGLE_PORT          ; Untyped        ;
; WIDTH_A                            ; 32                   ; Signed Integer ;
; WIDTHAD_A                          ; 10                   ; Signed Integer ;
; NUMWORDS_A                         ; 0                    ; Signed Integer ;
; OUTDATA_REG_A                      ; UNREGISTERED         ; Untyped        ;
; ADDRESS_ACLR_A                     ; NONE                 ; Untyped        ;
; OUTDATA_ACLR_A                     ; NONE                 ; Untyped        ;
; WRCONTROL_ACLR_A                   ; NONE                 ; Untyped        ;
; INDATA_ACLR_A                      ; NONE                 ; Untyped        ;
; BYTEENA_ACLR_A                     ; NONE                 ; Untyped        ;
; WIDTH_B                            ; 1                    ; Signed Integer ;
; WIDTHAD_B                          ; 1                    ; Signed Integer ;
; NUMWORDS_B                         ; 0                    ; Signed Integer ;
; INDATA_REG_B                       ; CLOCK1               ; Untyped        ;
; WRCONTROL_WRADDRESS_REG_B          ; CLOCK1               ; Untyped        ;
; RDCONTROL_REG_B                    ; CLOCK1               ; Untyped        ;
; ADDRESS_REG_B                      ; CLOCK1               ; Untyped        ;
; OUTDATA_REG_B                      ; UNREGISTERED         ; Untyped        ;
; BYTEENA_REG_B                      ; CLOCK1               ; Untyped        ;
; INDATA_ACLR_B                      ; NONE                 ; Untyped        ;
; WRCONTROL_ACLR_B                   ; NONE                 ; Untyped        ;
; ADDRESS_ACLR_B                     ; NONE                 ; Untyped        ;
; OUTDATA_ACLR_B                     ; NONE                 ; Untyped        ;
; RDCONTROL_ACLR_B                   ; NONE                 ; Untyped        ;
; BYTEENA_ACLR_B                     ; NONE                 ; Untyped        ;
; WIDTH_BYTEENA_A                    ; 1                    ; Signed Integer ;
; WIDTH_BYTEENA_B                    ; 1                    ; Signed Integer ;
; RAM_BLOCK_TYPE                     ; AUTO                 ; Untyped        ;
; BYTE_SIZE                          ; 8                    ; Signed Integer ;
; READ_DURING_WRITE_MODE_MIXED_PORTS ; DONT_CARE            ; Untyped        ;
; READ_DURING_WRITE_MODE_PORT_A      ; NEW_DATA_NO_NBE_READ ; Untyped        ;
; READ_DURING_WRITE_MODE_PORT_B      ; NEW_DATA_NO_NBE_READ ; Untyped        ;
; INIT_FILE                          ; instruction.mif      ; Untyped        ;
; INIT_FILE_LAYOUT                   ; PORT_A               ; Untyped        ;
; MAXIMUM_DEPTH                      ; 0                    ; Signed Integer ;
; CLOCK_ENABLE_INPUT_A               ; NORMAL               ; Untyped        ;
; CLOCK_ENABLE_INPUT_B               ; NORMAL               ; Untyped        ;
; CLOCK_ENABLE_OUTPUT_A              ; NORMAL               ; Untyped        ;
; CLOCK_ENABLE_OUTPUT_B              ; NORMAL               ; Untyped        ;
; CLOCK_ENABLE_CORE_A                ; USE_INPUT_CLKEN      ; Untyped        ;
; CLOCK_ENABLE_CORE_B                ; USE_INPUT_CLKEN      ; Untyped        ;
; ENABLE_ECC                         ; FALSE                ; Untyped        ;
; DEVICE_FAMILY                      ; Cyclone III          ; Untyped        ;
; CBXI_PARAMETER                     ; altsyncram_a0k3      ; Untyped        ;
+------------------------------------+----------------------+----------------+
Note: In order to hide this table in the UI and the text report file, please set the "Show Parameter Settings Tables in Synthesis Report" option in "Analysis and Synthesis Settings -> More Settings" to "Off".


+----------------------------------------------------------------------------+
; Parameter Settings for User Entity Instance: altsyncram:memory_datas       ;
+------------------------------------+----------------------+----------------+
; Parameter Name                     ; Value                ; Type           ;
+------------------------------------+----------------------+----------------+
; BYTE_SIZE_BLOCK                    ; 8                    ; Untyped        ;
; AUTO_CARRY_CHAINS                  ; ON                   ; AUTO_CARRY     ;
; IGNORE_CARRY_BUFFERS               ; OFF                  ; IGNORE_CARRY   ;
; AUTO_CASCADE_CHAINS                ; ON                   ; AUTO_CASCADE   ;
; IGNORE_CASCADE_BUFFERS             ; OFF                  ; IGNORE_CASCADE ;
; WIDTH_BYTEENA                      ; 1                    ; Untyped        ;
; OPERATION_MODE                     ; SINGLE_PORT          ; Untyped        ;
; WIDTH_A                            ; 32                   ; Signed Integer ;
; WIDTHAD_A                          ; 10                   ; Signed Integer ;
; NUMWORDS_A                         ; 0                    ; Signed Integer ;
; OUTDATA_REG_A                      ; UNREGISTERED         ; Untyped        ;
; ADDRESS_ACLR_A                     ; NONE                 ; Untyped        ;
; OUTDATA_ACLR_A                     ; NONE                 ; Untyped        ;
; WRCONTROL_ACLR_A                   ; NONE                 ; Untyped        ;
; INDATA_ACLR_A                      ; NONE                 ; Untyped        ;
; BYTEENA_ACLR_A                     ; NONE                 ; Untyped        ;
; WIDTH_B                            ; 1                    ; Signed Integer ;
; WIDTHAD_B                          ; 1                    ; Signed Integer ;
; NUMWORDS_B                         ; 0                    ; Signed Integer ;
; INDATA_REG_B                       ; CLOCK1               ; Untyped        ;
; WRCONTROL_WRADDRESS_REG_B          ; CLOCK1               ; Untyped        ;
; RDCONTROL_REG_B                    ; CLOCK1               ; Untyped        ;
; ADDRESS_REG_B                      ; CLOCK1               ; Untyped        ;
; OUTDATA_REG_B                      ; UNREGISTERED         ; Untyped        ;
; BYTEENA_REG_B                      ; CLOCK1               ; Untyped        ;
; INDATA_ACLR_B                      ; NONE                 ; Untyped        ;
; WRCONTROL_ACLR_B                   ; NONE                 ; Untyped        ;
; ADDRESS_ACLR_B                     ; NONE                 ; Untyped        ;
; OUTDATA_ACLR_B                     ; NONE                 ; Untyped        ;
; RDCONTROL_ACLR_B                   ; NONE                 ; Untyped        ;
; BYTEENA_ACLR_B                     ; NONE                 ; Untyped        ;
; WIDTH_BYTEENA_A                    ; 1                    ; Signed Integer ;
; WIDTH_BYTEENA_B                    ; 1                    ; Signed Integer ;
; RAM_BLOCK_TYPE                     ; AUTO                 ; Untyped        ;
; BYTE_SIZE                          ; 8                    ; Signed Integer ;
; READ_DURING_WRITE_MODE_MIXED_PORTS ; DONT_CARE            ; Untyped        ;
; READ_DURING_WRITE_MODE_PORT_A      ; NEW_DATA_NO_NBE_READ ; Untyped        ;
; READ_DURING_WRITE_MODE_PORT_B      ; NEW_DATA_NO_NBE_READ ; Untyped        ;
; INIT_FILE                          ; data.mif             ; Untyped        ;
; INIT_FILE_LAYOUT                   ; PORT_A               ; Untyped        ;
; MAXIMUM_DEPTH                      ; 0                    ; Signed Integer ;
; CLOCK_ENABLE_INPUT_A               ; NORMAL               ; Untyped        ;
; CLOCK_ENABLE_INPUT_B               ; NORMAL               ; Untyped        ;
; CLOCK_ENABLE_OUTPUT_A              ; NORMAL               ; Untyped        ;
; CLOCK_ENABLE_OUTPUT_B              ; NORMAL               ; Untyped        ;
; CLOCK_ENABLE_CORE_A                ; USE_INPUT_CLKEN      ; Untyped        ;
; CLOCK_ENABLE_CORE_B                ; USE_INPUT_CLKEN      ; Untyped        ;
; ENABLE_ECC                         ; FALSE                ; Untyped        ;
; DEVICE_FAMILY                      ; Cyclone III          ; Untyped        ;
; CBXI_PARAMETER                     ; altsyncram_ofk3      ; Untyped        ;
+------------------------------------+----------------------+----------------+
Note: In order to hide this table in the UI and the text report file, please set the "Show Parameter Settings Tables in Synthesis Report" option in "Analysis and Synthesis Settings -> More Settings" to "Off".


+---------------------------------------------------------------------------+
; altsyncram Parameter Settings by Entity Instance                          ;
+-------------------------------------------+-------------------------------+
; Name                                      ; Value                         ;
+-------------------------------------------+-------------------------------+
; Number of entity instances                ; 2                             ;
; Entity Instance                           ; altsyncram:memory_instruction ;
;     -- OPERATION_MODE                     ; SINGLE_PORT                   ;
;     -- WIDTH_A                            ; 32                            ;
;     -- NUMWORDS_A                         ; 0                             ;
;     -- OUTDATA_REG_A                      ; UNREGISTERED                  ;
;     -- WIDTH_B                            ; 1                             ;
;     -- NUMWORDS_B                         ; 0                             ;
;     -- ADDRESS_REG_B                      ; CLOCK1                        ;
;     -- OUTDATA_REG_B                      ; UNREGISTERED                  ;
;     -- RAM_BLOCK_TYPE                     ; AUTO                          ;
;     -- READ_DURING_WRITE_MODE_MIXED_PORTS ; DONT_CARE                     ;
; Entity Instance                           ; altsyncram:memory_datas       ;
;     -- OPERATION_MODE                     ; SINGLE_PORT                   ;
;     -- WIDTH_A                            ; 32                            ;
;     -- NUMWORDS_A                         ; 0                             ;
;     -- OUTDATA_REG_A                      ; UNREGISTERED                  ;
;     -- WIDTH_B                            ; 1                             ;
;     -- NUMWORDS_B                         ; 0                             ;
;     -- ADDRESS_REG_B                      ; CLOCK1                        ;
;     -- OUTDATA_REG_B                      ; UNREGISTERED                  ;
;     -- RAM_BLOCK_TYPE                     ; AUTO                          ;
;     -- READ_DURING_WRITE_MODE_MIXED_PORTS ; DONT_CARE                     ;
+-------------------------------------------+-------------------------------+


+-------------------------------+
; Analysis & Synthesis Messages ;
+-------------------------------+
Info: *******************************************************************
Info: Running Quartus II Analysis & Synthesis
    Info: Version 9.1 Build 350 03/24/2010 Service Pack 2 SJ Web Edition
    Info: Processing started: Wed Oct 17 10:39:06 2012
Info: Command: quartus_map --read_settings_files=on --write_settings_files=off VhdlMP32 -c VhdlMP32
Info: Found 2 design units, including 1 entities, in source file vhdlmp32.vhd
    Info: Found design unit 1: MP32-a
    Info: Found entity 1: MP32
Info: Elaborating entity "MP32" for the top level hierarchy
Info: Elaborating entity "altsyncram" for hierarchy "altsyncram:memory_instruction"
Info: Elaborated megafunction instantiation "altsyncram:memory_instruction"
Info: Instantiated megafunction "altsyncram:memory_instruction" with the following parameter:
    Info: Parameter "address_aclr_a" = "UNUSED"
    Info: Parameter "address_aclr_b" = "NONE"
    Info: Parameter "address_reg_b" = "CLOCK1"
    Info: Parameter "byte_size" = "8"
    Info: Parameter "byteena_aclr_a" = "UNUSED"
    Info: Parameter "byteena_aclr_b" = "NONE"
    Info: Parameter "byteena_reg_b" = "CLOCK1"
    Info: Parameter "clock_enable_core_a" = "USE_INPUT_CLKEN"
    Info: Parameter "clock_enable_core_b" = "USE_INPUT_CLKEN"
    Info: Parameter "clock_enable_input_a" = "NORMAL"
    Info: Parameter "clock_enable_input_b" = "NORMAL"
    Info: Parameter "clock_enable_output_a" = "NORMAL"
    Info: Parameter "clock_enable_output_b" = "NORMAL"
    Info: Parameter "intended_device_family" = "Cyclone"
    Info: Parameter "enable_ecc" = "FALSE"
    Info: Parameter "implement_in_les" = "OFF"
    Info: Parameter "indata_aclr_a" = "UNUSED"
    Info: Parameter "indata_aclr_b" = "NONE"
    Info: Parameter "indata_reg_b" = "CLOCK1"
    Info: Parameter "init_file" = "instruction.mif"
    Info: Parameter "init_file_layout" = "PORT_A"
    Info: Parameter "maximum_depth" = "0"
    Info: Parameter "numwords_a" = "0"
    Info: Parameter "numwords_b" = "0"
    Info: Parameter "operation_mode" = "SINGLE_PORT"
    Info: Parameter "outdata_aclr_a" = "NONE"
    Info: Parameter "outdata_aclr_b" = "NONE"
    Info: Parameter "outdata_reg_a" = "UNREGISTERED"
    Info: Parameter "outdata_reg_b" = "UNREGISTERED"
    Info: Parameter "power_up_uninitialized" = "FALSE"
    Info: Parameter "ram_block_type" = "AUTO"
    Info: Parameter "rdcontrol_aclr_b" = "NONE"
    Info: Parameter "rdcontrol_reg_b" = "CLOCK1"
    Info: Parameter "read_during_write_mode_mixed_ports" = "DONT_CARE"
    Info: Parameter "read_during_write_mode_port_a" = "NEW_DATA_NO_NBE_READ"
    Info: Parameter "read_during_write_mode_port_b" = "NEW_DATA_NO_NBE_READ"
    Info: Parameter "stratixiv_m144k_allow_dual_clocks" = "ON"
    Info: Parameter "width_a" = "32"
    Info: Parameter "width_b" = "1"
    Info: Parameter "width_byteena_a" = "1"
    Info: Parameter "width_byteena_b" = "1"
    Info: Parameter "widthad_a" = "10"
    Info: Parameter "widthad_b" = "1"
    Info: Parameter "wrcontrol_aclr_a" = "UNUSED"
    Info: Parameter "wrcontrol_aclr_b" = "NONE"
    Info: Parameter "wrcontrol_wraddress_reg_b" = "CLOCK1"
    Info: Parameter "lpm_hint" = "UNUSED"
    Info: Parameter "lpm_type" = "altsyncram"
Info: Found 1 design units, including 1 entities, in source file db/altsyncram_a0k3.tdf
    Info: Found entity 1: altsyncram_a0k3
Info: Elaborating entity "altsyncram_a0k3" for hierarchy "altsyncram:memory_instruction|altsyncram_a0k3:auto_generated"
Info: Elaborating entity "altsyncram" for hierarchy "altsyncram:memory_datas"
Info: Elaborated megafunction instantiation "altsyncram:memory_datas"
Info: Instantiated megafunction "altsyncram:memory_datas" with the following parameter:
    Info: Parameter "address_aclr_a" = "UNUSED"
    Info: Parameter "address_aclr_b" = "NONE"
    Info: Parameter "address_reg_b" = "CLOCK1"
    Info: Parameter "byte_size" = "8"
    Info: Parameter "byteena_aclr_a" = "UNUSED"
    Info: Parameter "byteena_aclr_b" = "NONE"
    Info: Parameter "byteena_reg_b" = "CLOCK1"
    Info: Parameter "clock_enable_core_a" = "USE_INPUT_CLKEN"
    Info: Parameter "clock_enable_core_b" = "USE_INPUT_CLKEN"
    Info: Parameter "clock_enable_input_a" = "NORMAL"
    Info: Parameter "clock_enable_input_b" = "NORMAL"
    Info: Parameter "clock_enable_output_a" = "NORMAL"
    Info: Parameter "clock_enable_output_b" = "NORMAL"
    Info: Parameter "intended_device_family" = "Cyclone"
    Info: Parameter "enable_ecc" = "FALSE"
    Info: Parameter "implement_in_les" = "OFF"
    Info: Parameter "indata_aclr_a" = "UNUSED"
    Info: Parameter "indata_aclr_b" = "NONE"
    Info: Parameter "indata_reg_b" = "CLOCK1"
    Info: Parameter "init_file" = "data.mif"
    Info: Parameter "init_file_layout" = "PORT_A"
    Info: Parameter "maximum_depth" = "0"
    Info: Parameter "numwords_a" = "0"
    Info: Parameter "numwords_b" = "0"
    Info: Parameter "operation_mode" = "SINGLE_PORT"
    Info: Parameter "outdata_aclr_a" = "NONE"
    Info: Parameter "outdata_aclr_b" = "NONE"
    Info: Parameter "outdata_reg_a" = "UNREGISTERED"
    Info: Parameter "outdata_reg_b" = "UNREGISTERED"
    Info: Parameter "power_up_uninitialized" = "FALSE"
    Info: Parameter "ram_block_type" = "AUTO"
    Info: Parameter "rdcontrol_aclr_b" = "NONE"
    Info: Parameter "rdcontrol_reg_b" = "CLOCK1"
    Info: Parameter "read_during_write_mode_mixed_ports" = "DONT_CARE"
    Info: Parameter "read_during_write_mode_port_a" = "NEW_DATA_NO_NBE_READ"
    Info: Parameter "read_during_write_mode_port_b" = "NEW_DATA_NO_NBE_READ"
    Info: Parameter "stratixiv_m144k_allow_dual_clocks" = "ON"
    Info: Parameter "width_a" = "32"
    Info: Parameter "width_b" = "1"
    Info: Parameter "width_byteena_a" = "1"
    Info: Parameter "width_byteena_b" = "1"
    Info: Parameter "widthad_a" = "10"
    Info: Parameter "widthad_b" = "1"
    Info: Parameter "wrcontrol_aclr_a" = "UNUSED"
    Info: Parameter "wrcontrol_aclr_b" = "NONE"
    Info: Parameter "wrcontrol_wraddress_reg_b" = "CLOCK1"
    Info: Parameter "lpm_hint" = "UNUSED"
    Info: Parameter "lpm_type" = "altsyncram"
Info: Found 1 design units, including 1 entities, in source file db/altsyncram_ofk3.tdf
    Info: Found entity 1: altsyncram_ofk3
Info: Elaborating entity "altsyncram_ofk3" for hierarchy "altsyncram:memory_datas|altsyncram_ofk3:auto_generated"
Info: Timing-Driven Synthesis is running
Info: 16 registers lost all their fanouts during netlist optimizations. The first 16 are displayed below.
    Info: Register "program_counter[10]" lost all its fanouts during netlist optimizations.
    Info: Register "program_counter[11]" lost all its fanouts during netlist optimizations.
    Info: Register "program_counter[12]" lost all its fanouts during netlist optimizations.
    Info: Register "program_counter[13]" lost all its fanouts during netlist optimizations.
    Info: Register "program_counter[14]" lost all its fanouts during netlist optimizations.
    Info: Register "program_counter[15]" lost all its fanouts during netlist optimizations.
    Info: Register "program_counter[16]" lost all its fanouts during netlist optimizations.
    Info: Register "program_counter[17]" lost all its fanouts during netlist optimizations.
    Info: Register "program_counter[18]" lost all its fanouts during netlist optimizations.
    Info: Register "program_counter[19]" lost all its fanouts during netlist optimizations.
    Info: Register "program_counter[20]" lost all its fanouts during netlist optimizations.
    Info: Register "program_counter[21]" lost all its fanouts during netlist optimizations.
    Info: Register "program_counter[22]" lost all its fanouts during netlist optimizations.
    Info: Register "program_counter[23]" lost all its fanouts during netlist optimizations.
    Info: Register "program_counter[24]" lost all its fanouts during netlist optimizations.
    Info: Register "program_counter[25]" lost all its fanouts during netlist optimizations.
Info: Implemented 3450 device resources after synthesis - the final resource count might be different
    Info: Implemented 2 input pins
    Info: Implemented 96 output pins
    Info: Implemented 3288 logic cells
    Info: Implemented 64 RAM segments
Info: Quartus II Analysis & Synthesis was successful. 0 errors, 0 warnings
    Info: Peak virtual memory: 234 megabytes
    Info: Processing ended: Wed Oct 17 10:39:18 2012
    Info: Elapsed time: 00:00:12
    Info: Total CPU time (on all processors): 00:00:13


